## Footprint report - date 02/05/18 08:14:43
## Created by Pcbnew version kicad 4.0.7
## Unit = mm, Angle = deg.

$BeginDESCRIPTION

$BOARD
upper_left_corner 56.747199 99.767199
lower_right_corner 115.087800 152.522800
$EndBOARD

$MODULE "C1"
reference "C1"
value "12pF"
footprint "Kicad:P0603"
attribut smd
position 85.300000 120.400000  orientation 225.00
layer back
$PAD "1"
Shape Rect Layer back
position -0.750000  0.000000  size  0.600000  0.900000  orientation 0.00
drill  0.000000
shape_offset  0.000000  0.000000
$EndPAD
$PAD "2"
Shape Rect Layer back
position  0.750000  0.000000  size  0.600000  0.900000  orientation 0.00
drill  0.000000
shape_offset  0.000000  0.000000
$EndPAD
$EndMODULE  C1

$MODULE "C2"
reference "C2"
value "12pF"
footprint "Kicad:P0603"
attribut smd
position 82.900000 112.100000  orientation 225.00
layer back
$PAD "1"
Shape Rect Layer back
position -0.750000  0.000000  size  0.600000  0.900000  orientation 0.00
drill  0.000000
shape_offset  0.000000  0.000000
$EndPAD
$PAD "2"
Shape Rect Layer back
position  0.750000  0.000000  size  0.600000  0.900000  orientation 0.00
drill  0.000000
shape_offset  0.000000  0.000000
$EndPAD
$EndMODULE  C2

$MODULE "C3"
reference "C3"
value "12pF"
footprint "Kicad:P0603"
attribut smd
position 89.500000 124.600000  orientation 45.00
layer back
$PAD "1"
Shape Rect Layer back
position -0.750000  0.000000  size  0.600000  0.900000  orientation 0.00
drill  0.000000
shape_offset  0.000000  0.000000
$EndPAD
$PAD "2"
Shape Rect Layer back
position  0.750000  0.000000  size  0.600000  0.900000  orientation 0.00
drill  0.000000
shape_offset  0.000000  0.000000
$EndPAD
$EndMODULE  C3

$MODULE "C4"
reference "C4"
value "12pF"
footprint "Kicad:P0603"
attribut smd
position 80.600000 114.400000  orientation 45.00
layer back
$PAD "1"
Shape Rect Layer back
position -0.750000  0.000000  size  0.600000  0.900000  orientation 0.00
drill  0.000000
shape_offset  0.000000  0.000000
$EndPAD
$PAD "2"
Shape Rect Layer back
position  0.750000  0.000000  size  0.600000  0.900000  orientation 0.00
drill  0.000000
shape_offset  0.000000  0.000000
$EndPAD
$EndMODULE  C4

$MODULE "D1"
reference "D1"
value "Led_Small"
footprint "Kicad:D0805"
attribut smd
position 62.500000 111.600000  orientation 90.00
layer front
$PAD "K"
Shape Rect Layer front
position -0.950000  0.000000  size  0.700000  1.300000  orientation 0.00
drill  0.000000
shape_offset  0.000000  0.000000
$EndPAD
$PAD "A"
Shape Rect Layer front
position  0.950000  0.000000  size  0.700000  1.300000  orientation 0.00
drill  0.000000
shape_offset  0.000000  0.000000
$EndPAD
$EndMODULE  D1

$MODULE "D3"
reference "D3"
value "USBLC6-2"
footprint "Kicad:SOT23-6"
attribut none
position 97.200000 136.600000  orientation 90.00
layer front
$PAD "1"
Shape Rect Layer front
position -0.950000  2.400000  size  0.700000  1.000000  orientation 0.00
drill  0.000000
shape_offset  0.000000  0.000000
$EndPAD
$PAD "2"
Shape Rect Layer front
position  0.000000  2.400000  size  0.700000  1.000000  orientation 0.00
drill  0.000000
shape_offset  0.000000  0.000000
$EndPAD
$PAD "3"
Shape Rect Layer front
position  0.950000  2.400000  size  0.700000  1.000000  orientation 0.00
drill  0.000000
shape_offset  0.000000  0.000000
$EndPAD
$PAD "4"
Shape Rect Layer front
position  0.950000  0.000000  size  0.700000  1.000000  orientation 0.00
drill  0.000000
shape_offset  0.000000  0.000000
$EndPAD
$PAD "5"
Shape Rect Layer front
position  0.000000  0.000000  size  0.700000  1.000000  orientation 0.00
drill  0.000000
shape_offset  0.000000  0.000000
$EndPAD
$PAD "6"
Shape Rect Layer front
position -0.950000  0.000000  size  0.700000  1.000000  orientation 0.00
drill  0.000000
shape_offset  0.000000  0.000000
$EndPAD
$EndMODULE  D3

$MODULE "F1"
reference "F1"
value "FUSE_PTC_.5A_33V"
footprint "Kicad:P1812"
attribut none
position 108.400000 114.200000  orientation 90.00
layer front
$PAD "1"
Shape Rect Layer front
position -2.100000  0.000000  size  1.500000  3.200000  orientation 0.00
drill  0.000000
shape_offset  0.000000  0.000000
$EndPAD
$PAD "2"
Shape Rect Layer front
position  2.100000  0.000000  size  1.500000  3.200000  orientation 0.00
drill  0.000000
shape_offset  0.000000  0.000000
$EndPAD
$EndMODULE  F1

$MODULE "J1"
reference "J1"
value "SOCKET_MICRO_SD_SMT_3M"
footprint "Kicad:CONN_SDMICRO_3M"
attribut none
position 107.000000 109.000000  orientation 90.00
layer back
$PAD "9"
Shape Rect Layer back
position -0.700000  0.900000  size  1.400000  1.900000  orientation 0.00
drill  0.000000
shape_offset  0.000000  0.000000
$EndPAD
$PAD "10"
Shape Rect Layer back
position -13.600000  2.300000  size  1.400000  1.900000  orientation 0.00
drill  0.000000
shape_offset  0.000000  0.000000
$EndPAD
$PAD "8"
Shape Rect Layer back
position -1.500000 -1.900000  size  0.800000  1.500000  orientation 0.00
drill  0.000000
shape_offset  0.000000  0.000000
$EndPAD
$PAD "7"
Shape Rect Layer back
position -2.600000 -1.900000  size  0.800000  1.500000  orientation 0.00
drill  0.000000
shape_offset  0.000000  0.000000
$EndPAD
$PAD "6"
Shape Rect Layer back
position -3.700000 -1.700000  size  0.800000  1.500000  orientation 0.00
drill  0.000000
shape_offset  0.000000  0.000000
$EndPAD
$PAD "5"
Shape Rect Layer back
position -4.800000 -1.900000  size  0.800000  1.500000  orientation 0.00
drill  0.000000
shape_offset  0.000000  0.000000
$EndPAD
$PAD "4"
Shape Rect Layer back
position -5.900000 -1.700000  size  0.800000  1.500000  orientation 0.00
drill  0.000000
shape_offset  0.000000  0.000000
$EndPAD
$PAD "3"
Shape Rect Layer back
position -7.000000 -1.900000  size  0.800000  1.500000  orientation 0.00
drill  0.000000
shape_offset  0.000000  0.000000
$EndPAD
$PAD "2"
Shape Rect Layer back
position -8.100000 -2.300000  size  0.800000  1.500000  orientation 0.00
drill  0.000000
shape_offset  0.000000  0.000000
$EndPAD
$PAD "1"
Shape Rect Layer back
position -9.200000 -1.900000  size  0.800000  1.500000  orientation 0.00
drill  0.000000
shape_offset  0.000000  0.000000
$EndPAD
$PAD "11"
Shape Rect Layer back
position -2.050000 -12.200000  size  1.800000  1.100000  orientation 0.00
drill  0.000000
shape_offset  0.000000  0.000000
$EndPAD
$PAD "12"
Shape Rect Layer back
position -7.750000 -12.200000  size  1.800000  1.100000  orientation 0.00
drill  0.000000
shape_offset  0.000000  0.000000
$EndPAD
$EndMODULE  J1

$MODULE "J2"
reference "J2"
value "USB_MINI_B_SMD"
footprint "Kicad:CONN_USB_UX60-MB"
attribut none
position 103.000000 136.000000  orientation 90.00
layer front
$PAD "3"
Shape Rect Layer front
position  0.000000 -0.050000  size  0.500000  2.000000  orientation 0.00
drill  0.000000
shape_offset  0.000000  0.000000
$EndPAD
$PAD "4"
Shape Rect Layer front
position  0.800000 -0.050000  size  0.500000  2.000000  orientation 0.00
drill  0.000000
shape_offset  0.000000  0.000000
$EndPAD
$PAD "5"
Shape Rect Layer front
position  1.600000 -0.050000  size  0.500000  2.000000  orientation 0.00
drill  0.000000
shape_offset  0.000000  0.000000
$EndPAD
$PAD "1"
Shape Rect Layer front
position -1.600000 -0.050000  size  0.500000  2.000000  orientation 0.00
drill  0.000000
shape_offset  0.000000  0.000000
$EndPAD
$PAD "2"
Shape Rect Layer front
position -0.800000 -0.050000  size  0.500000  2.000000  orientation 0.00
drill  0.000000
shape_offset  0.000000  0.000000
$EndPAD
$PAD ""
Shape Circle Layer both
position -1.750000  2.200000  size  0.900000  0.900000  orientation 0.00
drill  0.900000
shape_offset  0.000000  0.000000
$EndPAD
$PAD ""
Shape Circle Layer both
position  1.750000  2.200000  size  0.900000  0.900000  orientation 0.00
drill  0.900000
shape_offset  0.000000  0.000000
$EndPAD
$PAD "6"
Shape Circle Layer both
position -3.650000  0.200000  size  1.500000  1.500000  orientation 0.00
drill  1.200000
shape_offset  0.000000  0.000000
$EndPAD
$PAD "7"
Shape Circle Layer both
position  3.650000  0.200000  size  1.500000  1.500000  orientation 0.00
drill  1.200000
shape_offset  0.000000  0.000000
$EndPAD
$PAD "8"
Shape Circle Layer both
position -3.650000  5.500000  size  1.500000  1.500000  orientation 0.00
drill  1.200000
shape_offset  0.000000  0.000000
$EndPAD
$PAD "9"
Shape Circle Layer both
position  3.650000  5.500000  size  1.500000  1.500000  orientation 0.00
drill  1.200000
shape_offset  0.000000  0.000000
$EndPAD
$EndMODULE  J2

$MODULE "MOD1"
reference "MOD1"
value "MODULE_ESP07_WIFI"
footprint "Kicad:MODULE_ESP07_WIFI"
attribut none
position 63.000000 116.000000  orientation 0.00
layer back
$PAD "1"
Shape Rect Layer back
position  0.000000  0.000000  size  1.250000  2.000000  orientation 0.00
drill  0.000000
shape_offset  0.000000  0.000000
$EndPAD
$PAD "2"
Shape Oval Layer back
position  2.000000  0.000000  size  1.250000  2.000000  orientation 0.00
drill  0.000000
shape_offset  0.000000  0.000000
$EndPAD
$PAD "3"
Shape Oval Layer back
position  4.000000  0.000000  size  1.250000  2.000000  orientation 0.00
drill  0.000000
shape_offset  0.000000  0.000000
$EndPAD
$PAD "4"
Shape Oval Layer back
position  6.000000  0.000000  size  1.250000  2.000000  orientation 0.00
drill  0.000000
shape_offset  0.000000  0.000000
$EndPAD
$PAD "5"
Shape Oval Layer back
position  8.000000  0.000000  size  1.250000  2.000000  orientation 0.00
drill  0.000000
shape_offset  0.000000  0.000000
$EndPAD
$PAD "6"
Shape Oval Layer back
position 10.000000  0.000000  size  1.250000  2.000000  orientation 0.00
drill  0.000000
shape_offset  0.000000  0.000000
$EndPAD
$PAD "7"
Shape Oval Layer back
position 12.000000  0.000000  size  1.250000  2.000000  orientation 0.00
drill  0.000000
shape_offset  0.000000  0.000000
$EndPAD
$PAD "8"
Shape Oval Layer back
position 14.000000  0.000000  size  1.250000  2.000000  orientation 0.00
drill  0.000000
shape_offset  0.000000  0.000000
$EndPAD
$PAD "9"
Shape Oval Layer back
position 14.000000 16.000000  size  1.250000  2.000000  orientation 0.00
drill  0.000000
shape_offset  0.000000  0.000000
$EndPAD
$PAD "10"
Shape Oval Layer back
position 12.000000 16.000000  size  1.250000  2.000000  orientation 0.00
drill  0.000000
shape_offset  0.000000  0.000000
$EndPAD
$PAD "11"
Shape Oval Layer back
position 10.000000 16.000000  size  1.250000  2.000000  orientation 0.00
drill  0.000000
shape_offset  0.000000  0.000000
$EndPAD
$PAD "12"
Shape Oval Layer back
position  8.000000 16.000000  size  1.250000  2.000000  orientation 0.00
drill  0.000000
shape_offset  0.000000  0.000000
$EndPAD
$PAD "13"
Shape Oval Layer back
position  6.000000 16.000000  size  1.250000  2.000000  orientation 0.00
drill  0.000000
shape_offset  0.000000  0.000000
$EndPAD
$PAD "14"
Shape Oval Layer back
position  4.000000 16.000000  size  1.250000  2.000000  orientation 0.00
drill  0.000000
shape_offset  0.000000  0.000000
$EndPAD
$PAD "15"
Shape Oval Layer back
position  2.000000 16.000000  size  1.250000  2.000000  orientation 0.00
drill  0.000000
shape_offset  0.000000  0.000000
$EndPAD
$PAD "16"
Shape Oval Layer back
position  0.000000 16.000000  size  1.250000  2.000000  orientation 0.00
drill  0.000000
shape_offset  0.000000  0.000000
$EndPAD
$EndMODULE  MOD1

$MODULE "P1"
reference "P1"
value "Header_2x1"
footprint "Kicad:Header_2x1_Shrouded_100mil"
attribut none
position 86.700000 109.600000  orientation 270.00
layer front
$PAD "2"
Shape Circle Layer both
position  0.000000 -2.540000  size  1.524000  1.524000  orientation 0.00
drill  0.914400
shape_offset  0.000000  0.000000
$EndPAD
$PAD "1"
Shape Rect Layer both
position  0.000000  0.000000  size  1.524000  1.524000  orientation 0.00
drill  0.914400
shape_offset  0.000000  0.000000
$EndPAD
$EndMODULE  P1

$MODULE "P2"
reference "P2"
value "Header_2x1"
footprint "Kicad:Header_2x1_Shrouded_100mil"
attribut none
position 105.900000 125.800000  orientation 270.00
layer front
$PAD "2"
Shape Circle Layer both
position  0.000000 -2.540000  size  1.524000  1.524000  orientation 0.00
drill  0.914400
shape_offset  0.000000  0.000000
$EndPAD
$PAD "1"
Shape Rect Layer both
position  0.000000  0.000000  size  1.524000  1.524000  orientation 0.00
drill  0.914400
shape_offset  0.000000  0.000000
$EndPAD
$EndMODULE  P2

$MODULE "P3"
reference "P3"
value "Header_2x17"
footprint "Kicad:Header_2x17_Shrouded_100mil"
attribut none
position 65.700000 147.500000  orientation 0.00
layer front
$PAD "2"
Shape Circle Layer both
position  0.000000 -2.540000  size  1.524000  1.524000  orientation 0.00
drill  0.914400
shape_offset  0.000000  0.000000
$EndPAD
$PAD "1"
Shape Rect Layer both
position  0.000000  0.000000  size  1.524000  1.524000  orientation 0.00
drill  0.914400
shape_offset  0.000000  0.000000
$EndPAD
$PAD "4"
Shape Circle Layer both
position  2.540000 -2.540000  size  1.524000  1.524000  orientation 0.00
drill  0.914400
shape_offset  0.000000  0.000000
$EndPAD
$PAD "3"
Shape Circle Layer both
position  2.540000  0.000000  size  1.524000  1.524000  orientation 0.00
drill  0.914400
shape_offset  0.000000  0.000000
$EndPAD
$PAD "6"
Shape Circle Layer both
position  5.080000 -2.540000  size  1.524000  1.524000  orientation 0.00
drill  0.914400
shape_offset  0.000000  0.000000
$EndPAD
$PAD "5"
Shape Circle Layer both
position  5.080000  0.000000  size  1.524000  1.524000  orientation 0.00
drill  0.914400
shape_offset  0.000000  0.000000
$EndPAD
$PAD "8"
Shape Circle Layer both
position  7.620000 -2.540000  size  1.524000  1.524000  orientation 0.00
drill  0.914400
shape_offset  0.000000  0.000000
$EndPAD
$PAD "7"
Shape Circle Layer both
position  7.620000  0.000000  size  1.524000  1.524000  orientation 0.00
drill  0.914400
shape_offset  0.000000  0.000000
$EndPAD
$PAD "10"
Shape Circle Layer both
position 10.160000 -2.540000  size  1.524000  1.524000  orientation 0.00
drill  0.914400
shape_offset  0.000000  0.000000
$EndPAD
$PAD "9"
Shape Circle Layer both
position 10.160000  0.000000  size  1.524000  1.524000  orientation 0.00
drill  0.914400
shape_offset  0.000000  0.000000
$EndPAD
$PAD "12"
Shape Circle Layer both
position 12.700000 -2.540000  size  1.524000  1.524000  orientation 0.00
drill  0.914400
shape_offset  0.000000  0.000000
$EndPAD
$PAD "11"
Shape Circle Layer both
position 12.700000  0.000000  size  1.524000  1.524000  orientation 0.00
drill  0.914400
shape_offset  0.000000  0.000000
$EndPAD
$PAD "14"
Shape Circle Layer both
position 15.240000 -2.540000  size  1.524000  1.524000  orientation 0.00
drill  0.914400
shape_offset  0.000000  0.000000
$EndPAD
$PAD "13"
Shape Circle Layer both
position 15.240000  0.000000  size  1.524000  1.524000  orientation 0.00
drill  0.914400
shape_offset  0.000000  0.000000
$EndPAD
$PAD "16"
Shape Circle Layer both
position 17.780000 -2.540000  size  1.524000  1.524000  orientation 0.00
drill  0.914400
shape_offset  0.000000  0.000000
$EndPAD
$PAD "15"
Shape Circle Layer both
position 17.780000  0.000000  size  1.524000  1.524000  orientation 0.00
drill  0.914400
shape_offset  0.000000  0.000000
$EndPAD
$PAD "18"
Shape Circle Layer both
position 20.320000 -2.540000  size  1.524000  1.524000  orientation 0.00
drill  0.914400
shape_offset  0.000000  0.000000
$EndPAD
$PAD "17"
Shape Circle Layer both
position 20.320000  0.000000  size  1.524000  1.524000  orientation 0.00
drill  0.914400
shape_offset  0.000000  0.000000
$EndPAD
$PAD "20"
Shape Circle Layer both
position 22.860000 -2.540000  size  1.524000  1.524000  orientation 0.00
drill  0.914400
shape_offset  0.000000  0.000000
$EndPAD
$PAD "19"
Shape Circle Layer both
position 22.860000  0.000000  size  1.524000  1.524000  orientation 0.00
drill  0.914400
shape_offset  0.000000  0.000000
$EndPAD
$PAD "22"
Shape Circle Layer both
position 25.400000 -2.540000  size  1.524000  1.524000  orientation 0.00
drill  0.914400
shape_offset  0.000000  0.000000
$EndPAD
$PAD "21"
Shape Circle Layer both
position 25.400000  0.000000  size  1.524000  1.524000  orientation 0.00
drill  0.914400
shape_offset  0.000000  0.000000
$EndPAD
$PAD "24"
Shape Circle Layer both
position 27.940000 -2.540000  size  1.524000  1.524000  orientation 0.00
drill  0.914400
shape_offset  0.000000  0.000000
$EndPAD
$PAD "23"
Shape Circle Layer both
position 27.940000  0.000000  size  1.524000  1.524000  orientation 0.00
drill  0.914400
shape_offset  0.000000  0.000000
$EndPAD
$PAD "26"
Shape Circle Layer both
position 30.480000 -2.540000  size  1.524000  1.524000  orientation 0.00
drill  0.914400
shape_offset  0.000000  0.000000
$EndPAD
$PAD "25"
Shape Circle Layer both
position 30.480000  0.000000  size  1.524000  1.524000  orientation 0.00
drill  0.914400
shape_offset  0.000000  0.000000
$EndPAD
$PAD "28"
Shape Circle Layer both
position 33.020000 -2.540000  size  1.524000  1.524000  orientation 0.00
drill  0.914400
shape_offset  0.000000  0.000000
$EndPAD
$PAD "27"
Shape Circle Layer both
position 33.020000  0.000000  size  1.524000  1.524000  orientation 0.00
drill  0.914400
shape_offset  0.000000  0.000000
$EndPAD
$PAD "30"
Shape Circle Layer both
position 35.560000 -2.540000  size  1.524000  1.524000  orientation 0.00
drill  0.914400
shape_offset  0.000000  0.000000
$EndPAD
$PAD "29"
Shape Circle Layer both
position 35.560000  0.000000  size  1.524000  1.524000  orientation 0.00
drill  0.914400
shape_offset  0.000000  0.000000
$EndPAD
$PAD "32"
Shape Circle Layer both
position 38.100000 -2.540000  size  1.524000  1.524000  orientation 0.00
drill  0.914400
shape_offset  0.000000  0.000000
$EndPAD
$PAD "31"
Shape Circle Layer both
position 38.100000  0.000000  size  1.524000  1.524000  orientation 0.00
drill  0.914400
shape_offset  0.000000  0.000000
$EndPAD
$PAD "34"
Shape Circle Layer both
position 40.640000 -2.540000  size  1.524000  1.524000  orientation 0.00
drill  0.914400
shape_offset  0.000000  0.000000
$EndPAD
$PAD "33"
Shape Circle Layer both
position 40.640000  0.000000  size  1.524000  1.524000  orientation 0.00
drill  0.914400
shape_offset  0.000000  0.000000
$EndPAD
$EndMODULE  P3

$MODULE "P4"
reference "P4"
value "Header_2x17"
footprint "Kicad:Header_2x17_Shrouded_100mil"
attribut none
position 65.700000 105.100000  orientation 0.00
layer front
$PAD "2"
Shape Circle Layer both
position  0.000000 -2.540000  size  1.524000  1.524000  orientation 0.00
drill  0.914400
shape_offset  0.000000  0.000000
$EndPAD
$PAD "1"
Shape Rect Layer both
position  0.000000  0.000000  size  1.524000  1.524000  orientation 0.00
drill  0.914400
shape_offset  0.000000  0.000000
$EndPAD
$PAD "4"
Shape Circle Layer both
position  2.540000 -2.540000  size  1.524000  1.524000  orientation 0.00
drill  0.914400
shape_offset  0.000000  0.000000
$EndPAD
$PAD "3"
Shape Circle Layer both
position  2.540000  0.000000  size  1.524000  1.524000  orientation 0.00
drill  0.914400
shape_offset  0.000000  0.000000
$EndPAD
$PAD "6"
Shape Circle Layer both
position  5.080000 -2.540000  size  1.524000  1.524000  orientation 0.00
drill  0.914400
shape_offset  0.000000  0.000000
$EndPAD
$PAD "5"
Shape Circle Layer both
position  5.080000  0.000000  size  1.524000  1.524000  orientation 0.00
drill  0.914400
shape_offset  0.000000  0.000000
$EndPAD
$PAD "8"
Shape Circle Layer both
position  7.620000 -2.540000  size  1.524000  1.524000  orientation 0.00
drill  0.914400
shape_offset  0.000000  0.000000
$EndPAD
$PAD "7"
Shape Circle Layer both
position  7.620000  0.000000  size  1.524000  1.524000  orientation 0.00
drill  0.914400
shape_offset  0.000000  0.000000
$EndPAD
$PAD "10"
Shape Circle Layer both
position 10.160000 -2.540000  size  1.524000  1.524000  orientation 0.00
drill  0.914400
shape_offset  0.000000  0.000000
$EndPAD
$PAD "9"
Shape Circle Layer both
position 10.160000  0.000000  size  1.524000  1.524000  orientation 0.00
drill  0.914400
shape_offset  0.000000  0.000000
$EndPAD
$PAD "12"
Shape Circle Layer both
position 12.700000 -2.540000  size  1.524000  1.524000  orientation 0.00
drill  0.914400
shape_offset  0.000000  0.000000
$EndPAD
$PAD "11"
Shape Circle Layer both
position 12.700000  0.000000  size  1.524000  1.524000  orientation 0.00
drill  0.914400
shape_offset  0.000000  0.000000
$EndPAD
$PAD "14"
Shape Circle Layer both
position 15.240000 -2.540000  size  1.524000  1.524000  orientation 0.00
drill  0.914400
shape_offset  0.000000  0.000000
$EndPAD
$PAD "13"
Shape Circle Layer both
position 15.240000  0.000000  size  1.524000  1.524000  orientation 0.00
drill  0.914400
shape_offset  0.000000  0.000000
$EndPAD
$PAD "16"
Shape Circle Layer both
position 17.780000 -2.540000  size  1.524000  1.524000  orientation 0.00
drill  0.914400
shape_offset  0.000000  0.000000
$EndPAD
$PAD "15"
Shape Circle Layer both
position 17.780000  0.000000  size  1.524000  1.524000  orientation 0.00
drill  0.914400
shape_offset  0.000000  0.000000
$EndPAD
$PAD "18"
Shape Circle Layer both
position 20.320000 -2.540000  size  1.524000  1.524000  orientation 0.00
drill  0.914400
shape_offset  0.000000  0.000000
$EndPAD
$PAD "17"
Shape Circle Layer both
position 20.320000  0.000000  size  1.524000  1.524000  orientation 0.00
drill  0.914400
shape_offset  0.000000  0.000000
$EndPAD
$PAD "20"
Shape Circle Layer both
position 22.860000 -2.540000  size  1.524000  1.524000  orientation 0.00
drill  0.914400
shape_offset  0.000000  0.000000
$EndPAD
$PAD "19"
Shape Circle Layer both
position 22.860000  0.000000  size  1.524000  1.524000  orientation 0.00
drill  0.914400
shape_offset  0.000000  0.000000
$EndPAD
$PAD "22"
Shape Circle Layer both
position 25.400000 -2.540000  size  1.524000  1.524000  orientation 0.00
drill  0.914400
shape_offset  0.000000  0.000000
$EndPAD
$PAD "21"
Shape Circle Layer both
position 25.400000  0.000000  size  1.524000  1.524000  orientation 0.00
drill  0.914400
shape_offset  0.000000  0.000000
$EndPAD
$PAD "24"
Shape Circle Layer both
position 27.940000 -2.540000  size  1.524000  1.524000  orientation 0.00
drill  0.914400
shape_offset  0.000000  0.000000
$EndPAD
$PAD "23"
Shape Circle Layer both
position 27.940000  0.000000  size  1.524000  1.524000  orientation 0.00
drill  0.914400
shape_offset  0.000000  0.000000
$EndPAD
$PAD "26"
Shape Circle Layer both
position 30.480000 -2.540000  size  1.524000  1.524000  orientation 0.00
drill  0.914400
shape_offset  0.000000  0.000000
$EndPAD
$PAD "25"
Shape Circle Layer both
position 30.480000  0.000000  size  1.524000  1.524000  orientation 0.00
drill  0.914400
shape_offset  0.000000  0.000000
$EndPAD
$PAD "28"
Shape Circle Layer both
position 33.020000 -2.540000  size  1.524000  1.524000  orientation 0.00
drill  0.914400
shape_offset  0.000000  0.000000
$EndPAD
$PAD "27"
Shape Circle Layer both
position 33.020000  0.000000  size  1.524000  1.524000  orientation 0.00
drill  0.914400
shape_offset  0.000000  0.000000
$EndPAD
$PAD "30"
Shape Circle Layer both
position 35.560000 -2.540000  size  1.524000  1.524000  orientation 0.00
drill  0.914400
shape_offset  0.000000  0.000000
$EndPAD
$PAD "29"
Shape Circle Layer both
position 35.560000  0.000000  size  1.524000  1.524000  orientation 0.00
drill  0.914400
shape_offset  0.000000  0.000000
$EndPAD
$PAD "32"
Shape Circle Layer both
position 38.100000 -2.540000  size  1.524000  1.524000  orientation 0.00
drill  0.914400
shape_offset  0.000000  0.000000
$EndPAD
$PAD "31"
Shape Circle Layer both
position 38.100000  0.000000  size  1.524000  1.524000  orientation 0.00
drill  0.914400
shape_offset  0.000000  0.000000
$EndPAD
$PAD "34"
Shape Circle Layer both
position 40.640000 -2.540000  size  1.524000  1.524000  orientation 0.00
drill  0.914400
shape_offset  0.000000  0.000000
$EndPAD
$PAD "33"
Shape Circle Layer both
position 40.640000  0.000000  size  1.524000  1.524000  orientation 0.00
drill  0.914400
shape_offset  0.000000  0.000000
$EndPAD
$EndMODULE  P4

$MODULE "P5"
reference "P5"
value "CONN_1x4"
footprint "Kicad:Connector_1x4_100mil_TH"
attribut none
position 100.900000 129.500000  orientation 90.00
layer front
$PAD "1"
Shape Circle Layer both
position  0.000000  0.000000  size  1.600000  1.600000  orientation 0.00
drill  0.800000
shape_offset  0.000000  0.000000
$EndPAD
$PAD "2"
Shape Circle Layer both
position  0.000000  2.540000  size  1.600000  1.600000  orientation 0.00
drill  0.800000
shape_offset  0.000000  0.000000
$EndPAD
$PAD "3"
Shape Circle Layer both
position  0.000000  5.080000  size  1.600000  1.600000  orientation 0.00
drill  0.800000
shape_offset  0.000000  0.000000
$EndPAD
$PAD "4"
Shape Circle Layer both
position  0.000000  7.620000  size  1.600000  1.600000  orientation 0.00
drill  0.800000
shape_offset  0.000000  0.000000
$EndPAD
$EndMODULE  P5

$MODULE "R1"
reference "R1"
value "4.70kΩ"
footprint "Kicad:P0603"
attribut smd
position 93.900000 110.400000  orientation 270.00
layer front
$PAD "1"
Shape Rect Layer front
position -0.750000  0.000000  size  0.600000  0.900000  orientation 0.00
drill  0.000000
shape_offset  0.000000  0.000000
$EndPAD
$PAD "2"
Shape Rect Layer front
position  0.750000  0.000000  size  0.600000  0.900000  orientation 0.00
drill  0.000000
shape_offset  0.000000  0.000000
$EndPAD
$EndMODULE  R1

$MODULE "R2"
reference "R2"
value "4.70kΩ"
footprint "Kicad:P0603"
attribut smd
position 95.800000 110.400000  orientation 270.00
layer front
$PAD "1"
Shape Rect Layer front
position -0.750000  0.000000  size  0.600000  0.900000  orientation 0.00
drill  0.000000
shape_offset  0.000000  0.000000
$EndPAD
$PAD "2"
Shape Rect Layer front
position  0.750000  0.000000  size  0.600000  0.900000  orientation 0.00
drill  0.000000
shape_offset  0.000000  0.000000
$EndPAD
$EndMODULE  R2

$MODULE "R3"
reference "R3"
value "4.70kΩ"
footprint "Kicad:P0603"
attribut smd
position 85.100000 139.200000  orientation 90.00
layer front
$PAD "1"
Shape Rect Layer front
position -0.750000  0.000000  size  0.600000  0.900000  orientation 0.00
drill  0.000000
shape_offset  0.000000  0.000000
$EndPAD
$PAD "2"
Shape Rect Layer front
position  0.750000  0.000000  size  0.600000  0.900000  orientation 0.00
drill  0.000000
shape_offset  0.000000  0.000000
$EndPAD
$EndMODULE  R3

$MODULE "R4"
reference "R4"
value "4.70kΩ"
footprint "Kicad:P0603"
attribut smd
position 83.400000 139.200000  orientation 90.00
layer front
$PAD "1"
Shape Rect Layer front
position -0.750000  0.000000  size  0.600000  0.900000  orientation 0.00
drill  0.000000
shape_offset  0.000000  0.000000
$EndPAD
$PAD "2"
Shape Rect Layer front
position  0.750000  0.000000  size  0.600000  0.900000  orientation 0.00
drill  0.000000
shape_offset  0.000000  0.000000
$EndPAD
$EndMODULE  R4

$MODULE "R5"
reference "R5"
value "1.00kΩ"
footprint "Kicad:P0603"
attribut smd
position 64.700000 111.400000  orientation 270.00
layer front
$PAD "1"
Shape Rect Layer front
position -0.750000  0.000000  size  0.600000  0.900000  orientation 0.00
drill  0.000000
shape_offset  0.000000  0.000000
$EndPAD
$PAD "2"
Shape Rect Layer front
position  0.750000  0.000000  size  0.600000  0.900000  orientation 0.00
drill  0.000000
shape_offset  0.000000  0.000000
$EndPAD
$EndMODULE  R5

$MODULE "R6"
reference "R6"
value "10.0kΩ"
footprint "Kicad:P0603"
attribut smd
position 91.900000 110.400000  orientation 270.00
layer front
$PAD "1"
Shape Rect Layer front
position -0.750000  0.000000  size  0.600000  0.900000  orientation 0.00
drill  0.000000
shape_offset  0.000000  0.000000
$EndPAD
$PAD "2"
Shape Rect Layer front
position  0.750000  0.000000  size  0.600000  0.900000  orientation 0.00
drill  0.000000
shape_offset  0.000000  0.000000
$EndPAD
$EndMODULE  R6

$MODULE "R7"
reference "R7"
value "1.50kΩ"
footprint "Kicad:P0603"
attribut smd
position 98.300000 134.000000  orientation 0.00
layer front
$PAD "1"
Shape Rect Layer front
position -0.750000  0.000000  size  0.600000  0.900000  orientation 0.00
drill  0.000000
shape_offset  0.000000  0.000000
$EndPAD
$PAD "2"
Shape Rect Layer front
position  0.750000  0.000000  size  0.600000  0.900000  orientation 0.00
drill  0.000000
shape_offset  0.000000  0.000000
$EndPAD
$EndMODULE  R7

$MODULE "R8"
reference "R8"
value "ZERO_Ω"
footprint "Kicad:P0603"
attribut smd
position 98.400000 139.400000  orientation 0.00
layer front
$PAD "1"
Shape Rect Layer front
position -0.750000  0.000000  size  0.600000  0.900000  orientation 0.00
drill  0.000000
shape_offset  0.000000  0.000000
$EndPAD
$PAD "2"
Shape Rect Layer front
position  0.750000  0.000000  size  0.600000  0.900000  orientation 0.00
drill  0.000000
shape_offset  0.000000  0.000000
$EndPAD
$EndMODULE  R8

$MODULE "U1"
reference "U1"
value "STM32L151VDT"
footprint "Kicad:QFP_100_14X14_0.5"
attribut none
position 87.400000 124.500000  orientation 315.00
layer front
$PAD "1"
Shape Rect Layer front
position -7.500000 -6.000000  size  0.250000  1.500000  orientation -270.00
drill  0.000000
shape_offset  0.000000  0.000000
$EndPAD
$PAD "2"
Shape Rect Layer front
position -7.500000 -5.500000  size  0.250000  1.500000  orientation -270.00
drill  0.000000
shape_offset  0.000000  0.000000
$EndPAD
$PAD "3"
Shape Rect Layer front
position -7.500000 -5.000000  size  0.250000  1.500000  orientation -270.00
drill  0.000000
shape_offset  0.000000  0.000000
$EndPAD
$PAD "4"
Shape Rect Layer front
position -7.500000 -4.500000  size  0.250000  1.500000  orientation -270.00
drill  0.000000
shape_offset  0.000000  0.000000
$EndPAD
$PAD "5"
Shape Rect Layer front
position -7.500000 -4.000000  size  0.250000  1.500000  orientation -270.00
drill  0.000000
shape_offset  0.000000  0.000000
$EndPAD
$PAD "6"
Shape Rect Layer front
position -7.500000 -3.500000  size  0.250000  1.500000  orientation -270.00
drill  0.000000
shape_offset  0.000000  0.000000
$EndPAD
$PAD "7"
Shape Rect Layer front
position -7.500000 -3.000000  size  0.250000  1.500000  orientation -270.00
drill  0.000000
shape_offset  0.000000  0.000000
$EndPAD
$PAD "8"
Shape Rect Layer front
position -7.500000 -2.500000  size  0.250000  1.500000  orientation -270.00
drill  0.000000
shape_offset  0.000000  0.000000
$EndPAD
$PAD "9"
Shape Rect Layer front
position -7.500000 -2.000000  size  0.250000  1.500000  orientation -270.00
drill  0.000000
shape_offset  0.000000  0.000000
$EndPAD
$PAD "10"
Shape Rect Layer front
position -7.500000 -1.500000  size  0.250000  1.500000  orientation -270.00
drill  0.000000
shape_offset  0.000000  0.000000
$EndPAD
$PAD "11"
Shape Rect Layer front
position -7.500000 -1.000000  size  0.250000  1.500000  orientation -270.00
drill  0.000000
shape_offset  0.000000  0.000000
$EndPAD
$PAD "12"
Shape Rect Layer front
position -7.500000 -0.500000  size  0.250000  1.500000  orientation -270.00
drill  0.000000
shape_offset  0.000000  0.000000
$EndPAD
$PAD "13"
Shape Rect Layer front
position -7.500000  0.000000  size  0.250000  1.500000  orientation -270.00
drill  0.000000
shape_offset  0.000000  0.000000
$EndPAD
$PAD "14"
Shape Rect Layer front
position -7.500000  0.500000  size  0.250000  1.500000  orientation -270.00
drill  0.000000
shape_offset  0.000000  0.000000
$EndPAD
$PAD "15"
Shape Rect Layer front
position -7.500000  1.000000  size  0.250000  1.500000  orientation -270.00
drill  0.000000
shape_offset  0.000000  0.000000
$EndPAD
$PAD "16"
Shape Rect Layer front
position -7.500000  1.500000  size  0.250000  1.500000  orientation -270.00
drill  0.000000
shape_offset  0.000000  0.000000
$EndPAD
$PAD "17"
Shape Rect Layer front
position -7.500000  2.000000  size  0.250000  1.500000  orientation -270.00
drill  0.000000
shape_offset  0.000000  0.000000
$EndPAD
$PAD "18"
Shape Rect Layer front
position -7.500000  2.500000  size  0.250000  1.500000  orientation -270.00
drill  0.000000
shape_offset  0.000000  0.000000
$EndPAD
$PAD "19"
Shape Rect Layer front
position -7.500000  3.000000  size  0.250000  1.500000  orientation -270.00
drill  0.000000
shape_offset  0.000000  0.000000
$EndPAD
$PAD "20"
Shape Rect Layer front
position -7.500000  3.500000  size  0.250000  1.500000  orientation -270.00
drill  0.000000
shape_offset  0.000000  0.000000
$EndPAD
$PAD "21"
Shape Rect Layer front
position -7.500000  4.000000  size  0.250000  1.500000  orientation -270.00
drill  0.000000
shape_offset  0.000000  0.000000
$EndPAD
$PAD "22"
Shape Rect Layer front
position -7.500000  4.500000  size  0.250000  1.500000  orientation -270.00
drill  0.000000
shape_offset  0.000000  0.000000
$EndPAD
$PAD "23"
Shape Rect Layer front
position -7.500000  5.000000  size  0.250000  1.500000  orientation -270.00
drill  0.000000
shape_offset  0.000000  0.000000
$EndPAD
$PAD "24"
Shape Rect Layer front
position -7.500000  5.500000  size  0.250000  1.500000  orientation -270.00
drill  0.000000
shape_offset  0.000000  0.000000
$EndPAD
$PAD "25"
Shape Rect Layer front
position -7.500000  6.000000  size  0.250000  1.500000  orientation -270.00
drill  0.000000
shape_offset  0.000000  0.000000
$EndPAD
$PAD "26"
Shape Rect Layer front
position -6.000000  7.500000  size  0.250000  1.500000  orientation 0.00
drill  0.000000
shape_offset  0.000000  0.000000
$EndPAD
$PAD "27"
Shape Rect Layer front
position -5.500000  7.500000  size  0.250000  1.500000  orientation 0.00
drill  0.000000
shape_offset  0.000000  0.000000
$EndPAD
$PAD "28"
Shape Rect Layer front
position -5.000000  7.500000  size  0.250000  1.500000  orientation 0.00
drill  0.000000
shape_offset  0.000000  0.000000
$EndPAD
$PAD "29"
Shape Rect Layer front
position -4.500000  7.500000  size  0.250000  1.500000  orientation 0.00
drill  0.000000
shape_offset  0.000000  0.000000
$EndPAD
$PAD "30"
Shape Rect Layer front
position -4.000000  7.500000  size  0.250000  1.500000  orientation 0.00
drill  0.000000
shape_offset  0.000000  0.000000
$EndPAD
$PAD "31"
Shape Rect Layer front
position -3.500000  7.500000  size  0.250000  1.500000  orientation 0.00
drill  0.000000
shape_offset  0.000000  0.000000
$EndPAD
$PAD "32"
Shape Rect Layer front
position -3.000000  7.500000  size  0.250000  1.500000  orientation 0.00
drill  0.000000
shape_offset  0.000000  0.000000
$EndPAD
$PAD "33"
Shape Rect Layer front
position -2.500000  7.500000  size  0.250000  1.500000  orientation 0.00
drill  0.000000
shape_offset  0.000000  0.000000
$EndPAD
$PAD "34"
Shape Rect Layer front
position -2.000000  7.500000  size  0.250000  1.500000  orientation 0.00
drill  0.000000
shape_offset  0.000000  0.000000
$EndPAD
$PAD "35"
Shape Rect Layer front
position -1.500000  7.500000  size  0.250000  1.500000  orientation 0.00
drill  0.000000
shape_offset  0.000000  0.000000
$EndPAD
$PAD "36"
Shape Rect Layer front
position -1.000000  7.500000  size  0.250000  1.500000  orientation 0.00
drill  0.000000
shape_offset  0.000000  0.000000
$EndPAD
$PAD "37"
Shape Rect Layer front
position -0.500000  7.500000  size  0.250000  1.500000  orientation 0.00
drill  0.000000
shape_offset  0.000000  0.000000
$EndPAD
$PAD "38"
Shape Rect Layer front
position  0.000000  7.500000  size  0.250000  1.500000  orientation 0.00
drill  0.000000
shape_offset  0.000000  0.000000
$EndPAD
$PAD "39"
Shape Rect Layer front
position  0.500000  7.500000  size  0.250000  1.500000  orientation 0.00
drill  0.000000
shape_offset  0.000000  0.000000
$EndPAD
$PAD "40"
Shape Rect Layer front
position  1.000000  7.500000  size  0.250000  1.500000  orientation 0.00
drill  0.000000
shape_offset  0.000000  0.000000
$EndPAD
$PAD "41"
Shape Rect Layer front
position  1.500000  7.500000  size  0.250000  1.500000  orientation 0.00
drill  0.000000
shape_offset  0.000000  0.000000
$EndPAD
$PAD "42"
Shape Rect Layer front
position  2.000000  7.500000  size  0.250000  1.500000  orientation 0.00
drill  0.000000
shape_offset  0.000000  0.000000
$EndPAD
$PAD "43"
Shape Rect Layer front
position  2.500000  7.500000  size  0.250000  1.500000  orientation 0.00
drill  0.000000
shape_offset  0.000000  0.000000
$EndPAD
$PAD "44"
Shape Rect Layer front
position  3.000000  7.500000  size  0.250000  1.500000  orientation 0.00
drill  0.000000
shape_offset  0.000000  0.000000
$EndPAD
$PAD "45"
Shape Rect Layer front
position  3.500000  7.500000  size  0.250000  1.500000  orientation 0.00
drill  0.000000
shape_offset  0.000000  0.000000
$EndPAD
$PAD "46"
Shape Rect Layer front
position  4.000000  7.500000  size  0.250000  1.500000  orientation 0.00
drill  0.000000
shape_offset  0.000000  0.000000
$EndPAD
$PAD "47"
Shape Rect Layer front
position  4.500000  7.500000  size  0.250000  1.500000  orientation 0.00
drill  0.000000
shape_offset  0.000000  0.000000
$EndPAD
$PAD "48"
Shape Rect Layer front
position  5.000000  7.500000  size  0.250000  1.500000  orientation 0.00
drill  0.000000
shape_offset  0.000000  0.000000
$EndPAD
$PAD "49"
Shape Rect Layer front
position  5.500000  7.500000  size  0.250000  1.500000  orientation 0.00
drill  0.000000
shape_offset  0.000000  0.000000
$EndPAD
$PAD "50"
Shape Rect Layer front
position  6.000000  7.500000  size  0.250000  1.500000  orientation 0.00
drill  0.000000
shape_offset  0.000000  0.000000
$EndPAD
$PAD "51"
Shape Rect Layer front
position  7.500000  6.000000  size  0.250000  1.500000  orientation -270.00
drill  0.000000
shape_offset  0.000000  0.000000
$EndPAD
$PAD "52"
Shape Rect Layer front
position  7.500000  5.500000  size  0.250000  1.500000  orientation -270.00
drill  0.000000
shape_offset  0.000000  0.000000
$EndPAD
$PAD "53"
Shape Rect Layer front
position  7.500000  5.000000  size  0.250000  1.500000  orientation -270.00
drill  0.000000
shape_offset  0.000000  0.000000
$EndPAD
$PAD "54"
Shape Rect Layer front
position  7.500000  4.500000  size  0.250000  1.500000  orientation -270.00
drill  0.000000
shape_offset  0.000000  0.000000
$EndPAD
$PAD "55"
Shape Rect Layer front
position  7.500000  4.000000  size  0.250000  1.500000  orientation -270.00
drill  0.000000
shape_offset  0.000000  0.000000
$EndPAD
$PAD "56"
Shape Rect Layer front
position  7.500000  3.500000  size  0.250000  1.500000  orientation -270.00
drill  0.000000
shape_offset  0.000000  0.000000
$EndPAD
$PAD "57"
Shape Rect Layer front
position  7.500000  3.000000  size  0.250000  1.500000  orientation -270.00
drill  0.000000
shape_offset  0.000000  0.000000
$EndPAD
$PAD "58"
Shape Rect Layer front
position  7.500000  2.500000  size  0.250000  1.500000  orientation -270.00
drill  0.000000
shape_offset  0.000000  0.000000
$EndPAD
$PAD "59"
Shape Rect Layer front
position  7.500000  2.000000  size  0.250000  1.500000  orientation -270.00
drill  0.000000
shape_offset  0.000000  0.000000
$EndPAD
$PAD "60"
Shape Rect Layer front
position  7.500000  1.500000  size  0.250000  1.500000  orientation -270.00
drill  0.000000
shape_offset  0.000000  0.000000
$EndPAD
$PAD "61"
Shape Rect Layer front
position  7.500000  1.000000  size  0.250000  1.500000  orientation -270.00
drill  0.000000
shape_offset  0.000000  0.000000
$EndPAD
$PAD "62"
Shape Rect Layer front
position  7.500000  0.500000  size  0.250000  1.500000  orientation -270.00
drill  0.000000
shape_offset  0.000000  0.000000
$EndPAD
$PAD "63"
Shape Rect Layer front
position  7.500000  0.000000  size  0.250000  1.500000  orientation -270.00
drill  0.000000
shape_offset  0.000000  0.000000
$EndPAD
$PAD "64"
Shape Rect Layer front
position  7.500000 -0.500000  size  0.250000  1.500000  orientation -270.00
drill  0.000000
shape_offset  0.000000  0.000000
$EndPAD
$PAD "65"
Shape Rect Layer front
position  7.500000 -1.000000  size  0.250000  1.500000  orientation -270.00
drill  0.000000
shape_offset  0.000000  0.000000
$EndPAD
$PAD "66"
Shape Rect Layer front
position  7.500000 -1.500000  size  0.250000  1.500000  orientation -270.00
drill  0.000000
shape_offset  0.000000  0.000000
$EndPAD
$PAD "67"
Shape Rect Layer front
position  7.500000 -2.000000  size  0.250000  1.500000  orientation -270.00
drill  0.000000
shape_offset  0.000000  0.000000
$EndPAD
$PAD "68"
Shape Rect Layer front
position  7.500000 -2.500000  size  0.250000  1.500000  orientation -270.00
drill  0.000000
shape_offset  0.000000  0.000000
$EndPAD
$PAD "69"
Shape Rect Layer front
position  7.500000 -3.000000  size  0.250000  1.500000  orientation -270.00
drill  0.000000
shape_offset  0.000000  0.000000
$EndPAD
$PAD "70"
Shape Rect Layer front
position  7.500000 -3.500000  size  0.250000  1.500000  orientation -270.00
drill  0.000000
shape_offset  0.000000  0.000000
$EndPAD
$PAD "71"
Shape Rect Layer front
position  7.500000 -4.000000  size  0.250000  1.500000  orientation -270.00
drill  0.000000
shape_offset  0.000000  0.000000
$EndPAD
$PAD "72"
Shape Rect Layer front
position  7.500000 -4.500000  size  0.250000  1.500000  orientation -270.00
drill  0.000000
shape_offset  0.000000  0.000000
$EndPAD
$PAD "73"
Shape Rect Layer front
position  7.500000 -5.000000  size  0.250000  1.500000  orientation -270.00
drill  0.000000
shape_offset  0.000000  0.000000
$EndPAD
$PAD "74"
Shape Rect Layer front
position  7.500000 -5.500000  size  0.250000  1.500000  orientation -270.00
drill  0.000000
shape_offset  0.000000  0.000000
$EndPAD
$PAD "75"
Shape Rect Layer front
position  7.500000 -6.000000  size  0.250000  1.500000  orientation -270.00
drill  0.000000
shape_offset  0.000000  0.000000
$EndPAD
$PAD "76"
Shape Rect Layer front
position  6.000000 -7.500000  size  0.250000  1.500000  orientation 0.00
drill  0.000000
shape_offset  0.000000  0.000000
$EndPAD
$PAD "77"
Shape Rect Layer front
position  5.500000 -7.500000  size  0.250000  1.500000  orientation 0.00
drill  0.000000
shape_offset  0.000000  0.000000
$EndPAD
$PAD "78"
Shape Rect Layer front
position  5.000000 -7.500000  size  0.250000  1.500000  orientation 0.00
drill  0.000000
shape_offset  0.000000  0.000000
$EndPAD
$PAD "79"
Shape Rect Layer front
position  4.500000 -7.500000  size  0.250000  1.500000  orientation 0.00
drill  0.000000
shape_offset  0.000000  0.000000
$EndPAD
$PAD "80"
Shape Rect Layer front
position  4.000000 -7.500000  size  0.250000  1.500000  orientation 0.00
drill  0.000000
shape_offset  0.000000  0.000000
$EndPAD
$PAD "81"
Shape Rect Layer front
position  3.500000 -7.500000  size  0.250000  1.500000  orientation 0.00
drill  0.000000
shape_offset  0.000000  0.000000
$EndPAD
$PAD "82"
Shape Rect Layer front
position  3.000000 -7.500000  size  0.250000  1.500000  orientation 0.00
drill  0.000000
shape_offset  0.000000  0.000000
$EndPAD
$PAD "83"
Shape Rect Layer front
position  2.500000 -7.500000  size  0.250000  1.500000  orientation 0.00
drill  0.000000
shape_offset  0.000000  0.000000
$EndPAD
$PAD "84"
Shape Rect Layer front
position  2.000000 -7.500000  size  0.250000  1.500000  orientation 0.00
drill  0.000000
shape_offset  0.000000  0.000000
$EndPAD
$PAD "85"
Shape Rect Layer front
position  1.500000 -7.500000  size  0.250000  1.500000  orientation 0.00
drill  0.000000
shape_offset  0.000000  0.000000
$EndPAD
$PAD "86"
Shape Rect Layer front
position  1.000000 -7.500000  size  0.250000  1.500000  orientation 0.00
drill  0.000000
shape_offset  0.000000  0.000000
$EndPAD
$PAD "87"
Shape Rect Layer front
position  0.500000 -7.500000  size  0.250000  1.500000  orientation 0.00
drill  0.000000
shape_offset  0.000000  0.000000
$EndPAD
$PAD "88"
Shape Rect Layer front
position  0.000000 -7.500000  size  0.250000  1.500000  orientation 0.00
drill  0.000000
shape_offset  0.000000  0.000000
$EndPAD
$PAD "89"
Shape Rect Layer front
position -0.500000 -7.500000  size  0.250000  1.500000  orientation 0.00
drill  0.000000
shape_offset  0.000000  0.000000
$EndPAD
$PAD "90"
Shape Rect Layer front
position -1.000000 -7.500000  size  0.250000  1.500000  orientation 0.00
drill  0.000000
shape_offset  0.000000  0.000000
$EndPAD
$PAD "91"
Shape Rect Layer front
position -1.500000 -7.500000  size  0.250000  1.500000  orientation 0.00
drill  0.000000
shape_offset  0.000000  0.000000
$EndPAD
$PAD "92"
Shape Rect Layer front
position -2.000000 -7.500000  size  0.250000  1.500000  orientation 0.00
drill  0.000000
shape_offset  0.000000  0.000000
$EndPAD
$PAD "93"
Shape Rect Layer front
position -2.500000 -7.500000  size  0.250000  1.500000  orientation 0.00
drill  0.000000
shape_offset  0.000000  0.000000
$EndPAD
$PAD "94"
Shape Rect Layer front
position -3.000000 -7.500000  size  0.250000  1.500000  orientation 0.00
drill  0.000000
shape_offset  0.000000  0.000000
$EndPAD
$PAD "95"
Shape Rect Layer front
position -3.500000 -7.500000  size  0.250000  1.500000  orientation 0.00
drill  0.000000
shape_offset  0.000000  0.000000
$EndPAD
$PAD "96"
Shape Rect Layer front
position -4.000000 -7.500000  size  0.250000  1.500000  orientation 0.00
drill  0.000000
shape_offset  0.000000  0.000000
$EndPAD
$PAD "97"
Shape Rect Layer front
position -4.500000 -7.500000  size  0.250000  1.500000  orientation 0.00
drill  0.000000
shape_offset  0.000000  0.000000
$EndPAD
$PAD "98"
Shape Rect Layer front
position -5.000000 -7.500000  size  0.250000  1.500000  orientation 0.00
drill  0.000000
shape_offset  0.000000  0.000000
$EndPAD
$PAD "99"
Shape Rect Layer front
position -5.500000 -7.500000  size  0.250000  1.500000  orientation 0.00
drill  0.000000
shape_offset  0.000000  0.000000
$EndPAD
$PAD "100"
Shape Rect Layer front
position -6.000000 -7.500000  size  0.250000  1.500000  orientation 0.00
drill  0.000000
shape_offset  0.000000  0.000000
$EndPAD
$EndMODULE  U1

$MODULE "U2"
reference "U2"
value "24AA02E64OT"
footprint "Kicad:SOT23-6"
attribut none
position 99.000000 112.200000  orientation 180.00
layer front
$PAD "1"
Shape Rect Layer front
position -0.950000  2.400000  size  0.700000  1.000000  orientation 0.00
drill  0.000000
shape_offset  0.000000  0.000000
$EndPAD
$PAD "2"
Shape Rect Layer front
position  0.000000  2.400000  size  0.700000  1.000000  orientation 0.00
drill  0.000000
shape_offset  0.000000  0.000000
$EndPAD
$PAD "3"
Shape Rect Layer front
position  0.950000  2.400000  size  0.700000  1.000000  orientation 0.00
drill  0.000000
shape_offset  0.000000  0.000000
$EndPAD
$PAD "4"
Shape Rect Layer front
position  0.950000  0.000000  size  0.700000  1.000000  orientation 0.00
drill  0.000000
shape_offset  0.000000  0.000000
$EndPAD
$PAD "5"
Shape Rect Layer front
position  0.000000  0.000000  size  0.700000  1.000000  orientation 0.00
drill  0.000000
shape_offset  0.000000  0.000000
$EndPAD
$PAD "6"
Shape Rect Layer front
position -0.950000  0.000000  size  0.700000  1.000000  orientation 0.00
drill  0.000000
shape_offset  0.000000  0.000000
$EndPAD
$EndMODULE  U2

$MODULE "U3"
reference "U3"
value "MCP1501-30"
footprint "Kicad:SOT23-6"
attribut none
position 67.500000 112.900000  orientation 135.00
layer front
$PAD "1"
Shape Rect Layer front
position -0.950000  2.400000  size  0.700000  1.000000  orientation 0.00
drill  0.000000
shape_offset  0.000000  0.000000
$EndPAD
$PAD "2"
Shape Rect Layer front
position  0.000000  2.400000  size  0.700000  1.000000  orientation 0.00
drill  0.000000
shape_offset  0.000000  0.000000
$EndPAD
$PAD "3"
Shape Rect Layer front
position  0.950000  2.400000  size  0.700000  1.000000  orientation 0.00
drill  0.000000
shape_offset  0.000000  0.000000
$EndPAD
$PAD "4"
Shape Rect Layer front
position  0.950000  0.000000  size  0.700000  1.000000  orientation 0.00
drill  0.000000
shape_offset  0.000000  0.000000
$EndPAD
$PAD "5"
Shape Rect Layer front
position  0.000000  0.000000  size  0.700000  1.000000  orientation 0.00
drill  0.000000
shape_offset  0.000000  0.000000
$EndPAD
$PAD "6"
Shape Rect Layer front
position -0.950000  0.000000  size  0.700000  1.000000  orientation 0.00
drill  0.000000
shape_offset  0.000000  0.000000
$EndPAD
$EndMODULE  U3

$MODULE "X1"
reference "X1"
value "ABM8G-12.00MHz"
footprint "Kicad:XTAL_3.2X2.5"
attribut none
position 87.200000 121.100000  orientation 315.00
layer back
$PAD "1"
Shape Rect Layer back
position  0.000000  0.000000  size  1.397000  1.193800  orientation 0.00
drill  0.000000
shape_offset  0.000000  0.000000
$EndPAD
$PAD "2"
Shape Rect Layer back
position  2.209800  0.000000  size  1.397000  1.193800  orientation 0.00
drill  0.000000
shape_offset  0.000000  0.000000
$EndPAD
$PAD "3"
Shape Rect Layer back
position  2.209800  1.701800  size  1.397000  1.193800  orientation 0.00
drill  0.000000
shape_offset  0.000000  0.000000
$EndPAD
$PAD "4"
Shape Rect Layer back
position  0.000000  1.701800  size  1.397000  1.193800  orientation 0.00
drill  0.000000
shape_offset  0.000000  0.000000
$EndPAD
$EndMODULE  X1

$MODULE "X2"
reference "X2"
value "ABS10-32.768kHz"
footprint "Kicad:XTAL_1.8X4.9mm"
attribut none
position 81.500000 110.100000  orientation 225.00
layer back
$PAD "1"
Shape Rect Layer back
position  0.000000  0.000000  size  1.270000  2.209800  orientation 0.00
drill  0.000000
shape_offset  0.000000  0.000000
$EndPAD
$PAD "2"
Shape Rect Layer back
position  4.064000  0.000000  size  1.270000  2.209800  orientation 0.00
drill  0.000000
shape_offset  0.000000  0.000000
$EndPAD
$EndMODULE  X2

$MODULE "D2"
reference "D2"
value "SMLJ33ABCT"
footprint "Kicad:DO220AA"
attribut none
position 105.900000 120.700000  orientation 270.00
layer front
$PAD "A"
Shape Rect Layer front
position  0.000000  0.000000  size  2.670000  2.540000  orientation 0.00
drill  0.000000
shape_offset  0.000000  0.000000
$EndPAD
$PAD "K"
Shape Rect Layer front
position  2.350000  0.000000  size  0.800000  1.270000  orientation 0.00
drill  0.000000
shape_offset  0.000000  0.000000
$EndPAD
$EndMODULE  D2

$MODULE "C5"
reference "C5"
value "0.10uF"
footprint "Kicad:P0603"
attribut smd
position 87.600000 131.200000  orientation 135.00
layer back
$PAD "1"
Shape Rect Layer back
position -0.750000  0.000000  size  0.600000  0.900000  orientation 0.00
drill  0.000000
shape_offset  0.000000  0.000000
$EndPAD
$PAD "2"
Shape Rect Layer back
position  0.750000  0.000000  size  0.600000  0.900000  orientation 0.00
drill  0.000000
shape_offset  0.000000  0.000000
$EndPAD
$EndMODULE  C5

$MODULE "C6"
reference "C6"
value "10.0uF"
footprint "Kicad:P0603"
attribut smd
position 88.800000 130.000000  orientation 135.00
layer back
$PAD "1"
Shape Rect Layer back
position -0.750000  0.000000  size  0.600000  0.900000  orientation 0.00
drill  0.000000
shape_offset  0.000000  0.000000
$EndPAD
$PAD "2"
Shape Rect Layer back
position  0.750000  0.000000  size  0.600000  0.900000  orientation 0.00
drill  0.000000
shape_offset  0.000000  0.000000
$EndPAD
$EndMODULE  C6

$MODULE "C7"
reference "C7"
value "0.10uF"
footprint "Kicad:P0603"
attribut smd
position 94.200000 125.400000  orientation 225.00
layer back
$PAD "1"
Shape Rect Layer back
position -0.750000  0.000000  size  0.600000  0.900000  orientation 0.00
drill  0.000000
shape_offset  0.000000  0.000000
$EndPAD
$PAD "2"
Shape Rect Layer back
position  0.750000  0.000000  size  0.600000  0.900000  orientation 0.00
drill  0.000000
shape_offset  0.000000  0.000000
$EndPAD
$EndMODULE  C7

$MODULE "C8"
reference "C8"
value "10.0uF"
footprint "Kicad:P0603"
attribut smd
position 93.000000 124.100000  orientation 225.00
layer back
$PAD "1"
Shape Rect Layer back
position -0.750000  0.000000  size  0.600000  0.900000  orientation 0.00
drill  0.000000
shape_offset  0.000000  0.000000
$EndPAD
$PAD "2"
Shape Rect Layer back
position  0.750000  0.000000  size  0.600000  0.900000  orientation 0.00
drill  0.000000
shape_offset  0.000000  0.000000
$EndPAD
$EndMODULE  C8

$MODULE "C9"
reference "C9"
value "0.10uF"
footprint "Kicad:P0603"
attribut smd
position 80.600000 123.800000  orientation 45.00
layer back
$PAD "1"
Shape Rect Layer back
position -0.750000  0.000000  size  0.600000  0.900000  orientation 0.00
drill  0.000000
shape_offset  0.000000  0.000000
$EndPAD
$PAD "2"
Shape Rect Layer back
position  0.750000  0.000000  size  0.600000  0.900000  orientation 0.00
drill  0.000000
shape_offset  0.000000  0.000000
$EndPAD
$EndMODULE  C9

$MODULE "C10"
reference "C10"
value "10.0uF"
footprint "Kicad:P0603"
attribut smd
position 81.800000 125.000000  orientation 45.00
layer back
$PAD "1"
Shape Rect Layer back
position -0.750000  0.000000  size  0.600000  0.900000  orientation 0.00
drill  0.000000
shape_offset  0.000000  0.000000
$EndPAD
$PAD "2"
Shape Rect Layer back
position  0.750000  0.000000  size  0.600000  0.900000  orientation 0.00
drill  0.000000
shape_offset  0.000000  0.000000
$EndPAD
$EndMODULE  C10

$MODULE "C11"
reference "C11"
value "0.10uF"
footprint "Kicad:P0603"
attribut smd
position 90.000000 113.100000  orientation 315.00
layer back
$PAD "1"
Shape Rect Layer back
position -0.750000  0.000000  size  0.600000  0.900000  orientation 0.00
drill  0.000000
shape_offset  0.000000  0.000000
$EndPAD
$PAD "2"
Shape Rect Layer back
position  0.750000  0.000000  size  0.600000  0.900000  orientation 0.00
drill  0.000000
shape_offset  0.000000  0.000000
$EndPAD
$EndMODULE  C11

$MODULE "C12"
reference "C12"
value "10.0uF"
footprint "Kicad:P0603"
attribut smd
position 91.200000 111.900000  orientation 315.00
layer back
$PAD "1"
Shape Rect Layer back
position -0.750000  0.000000  size  0.600000  0.900000  orientation 0.00
drill  0.000000
shape_offset  0.000000  0.000000
$EndPAD
$PAD "2"
Shape Rect Layer back
position  0.750000  0.000000  size  0.600000  0.900000  orientation 0.00
drill  0.000000
shape_offset  0.000000  0.000000
$EndPAD
$EndMODULE  C12

$MODULE "C13"
reference "C13"
value "0.10uF"
footprint "Kicad:P0603"
attribut smd
position 80.000000 115.000000  orientation 45.00
layer front
$PAD "1"
Shape Rect Layer front
position -0.750000  0.000000  size  0.600000  0.900000  orientation 0.00
drill  0.000000
shape_offset  0.000000  0.000000
$EndPAD
$PAD "2"
Shape Rect Layer front
position  0.750000  0.000000  size  0.600000  0.900000  orientation 0.00
drill  0.000000
shape_offset  0.000000  0.000000
$EndPAD
$EndMODULE  C13

$MODULE "C14"
reference "C14"
value "10.0uF"
footprint "Kicad:P0603"
attribut smd
position 78.800000 113.800000  orientation 45.00
layer front
$PAD "1"
Shape Rect Layer front
position -0.750000  0.000000  size  0.600000  0.900000  orientation 0.00
drill  0.000000
shape_offset  0.000000  0.000000
$EndPAD
$PAD "2"
Shape Rect Layer front
position  0.750000  0.000000  size  0.600000  0.900000  orientation 0.00
drill  0.000000
shape_offset  0.000000  0.000000
$EndPAD
$EndMODULE  C14

$MODULE "C15"
reference "C15"
value "0.10uF"
footprint "Kicad:P0603"
attribut smd
position 76.700000 120.100000  orientation 135.00
layer front
$PAD "1"
Shape Rect Layer front
position -0.750000  0.000000  size  0.600000  0.900000  orientation 0.00
drill  0.000000
shape_offset  0.000000  0.000000
$EndPAD
$PAD "2"
Shape Rect Layer front
position  0.750000  0.000000  size  0.600000  0.900000  orientation 0.00
drill  0.000000
shape_offset  0.000000  0.000000
$EndPAD
$EndMODULE  C15

$MODULE "C16"
reference "C16"
value "10.0uF"
footprint "Kicad:P0603"
attribut smd
position 75.500000 121.300000  orientation 135.00
layer front
$PAD "1"
Shape Rect Layer front
position -0.750000  0.000000  size  0.600000  0.900000  orientation 0.00
drill  0.000000
shape_offset  0.000000  0.000000
$EndPAD
$PAD "2"
Shape Rect Layer front
position  0.750000  0.000000  size  0.600000  0.900000  orientation 0.00
drill  0.000000
shape_offset  0.000000  0.000000
$EndPAD
$EndMODULE  C16

$MODULE "L1"
reference "L1"
value "FERRITE_BEAD"
footprint "Kicad:P0603"
attribut smd
position 74.300000 122.500000  orientation 315.00
layer front
$PAD "1"
Shape Rect Layer front
position -0.750000  0.000000  size  0.600000  0.900000  orientation 0.00
drill  0.000000
shape_offset  0.000000  0.000000
$EndPAD
$PAD "2"
Shape Rect Layer front
position  0.750000  0.000000  size  0.600000  0.900000  orientation 0.00
drill  0.000000
shape_offset  0.000000  0.000000
$EndPAD
$EndMODULE  L1

$MODULE "C17"
reference "C17"
value "0.10uF"
footprint "Kicad:P0603"
attribut smd
position 99.800000 114.900000  orientation 180.00
layer front
$PAD "1"
Shape Rect Layer front
position -0.750000  0.000000  size  0.600000  0.900000  orientation 0.00
drill  0.000000
shape_offset  0.000000  0.000000
$EndPAD
$PAD "2"
Shape Rect Layer front
position  0.750000  0.000000  size  0.600000  0.900000  orientation 0.00
drill  0.000000
shape_offset  0.000000  0.000000
$EndPAD
$EndMODULE  C17

$MODULE "C18"
reference "C18"
value "10.0uF"
footprint "Kicad:P0603"
attribut smd
position 99.800000 116.600000  orientation 180.00
layer front
$PAD "1"
Shape Rect Layer front
position -0.750000  0.000000  size  0.600000  0.900000  orientation 0.00
drill  0.000000
shape_offset  0.000000  0.000000
$EndPAD
$PAD "2"
Shape Rect Layer front
position  0.750000  0.000000  size  0.600000  0.900000  orientation 0.00
drill  0.000000
shape_offset  0.000000  0.000000
$EndPAD
$EndMODULE  C18

$MODULE "C19"
reference "C19"
value "0.10uF"
footprint "Kicad:P0603"
attribut smd
position 74.800000 113.800000  orientation 180.00
layer front
$PAD "1"
Shape Rect Layer front
position -0.750000  0.000000  size  0.600000  0.900000  orientation 0.00
drill  0.000000
shape_offset  0.000000  0.000000
$EndPAD
$PAD "2"
Shape Rect Layer front
position  0.750000  0.000000  size  0.600000  0.900000  orientation 0.00
drill  0.000000
shape_offset  0.000000  0.000000
$EndPAD
$EndMODULE  C19

$MODULE "C20"
reference "C20"
value "10.0uF"
footprint "Kicad:P0603"
attribut smd
position 74.800000 112.100000  orientation 180.00
layer front
$PAD "1"
Shape Rect Layer front
position -0.750000  0.000000  size  0.600000  0.900000  orientation 0.00
drill  0.000000
shape_offset  0.000000  0.000000
$EndPAD
$PAD "2"
Shape Rect Layer front
position  0.750000  0.000000  size  0.600000  0.900000  orientation 0.00
drill  0.000000
shape_offset  0.000000  0.000000
$EndPAD
$EndMODULE  C20

$MODULE "U4"
reference "U4"
value "AP2152"
footprint "Kicad:SOIC_8"
attribut none
position 69.200000 137.700000  orientation 270.00
layer front
$PAD "8"
Shape Rect Layer front
position -1.905000 -2.700000  size  0.600000  1.500000  orientation 0.00
drill  0.000000
shape_offset  0.000000  0.000000
$EndPAD
$PAD "1"
Shape Rect Layer front
position -1.905000  2.700000  size  0.600000  1.500000  orientation 0.00
drill  0.000000
shape_offset  0.000000  0.000000
$EndPAD
$PAD "7"
Shape Rect Layer front
position -0.635000 -2.700000  size  0.600000  1.500000  orientation 0.00
drill  0.000000
shape_offset  0.000000  0.000000
$EndPAD
$PAD "2"
Shape Rect Layer front
position -0.635000  2.700000  size  0.600000  1.500000  orientation 0.00
drill  0.000000
shape_offset  0.000000  0.000000
$EndPAD
$PAD "6"
Shape Rect Layer front
position  0.635000 -2.700000  size  0.600000  1.500000  orientation 0.00
drill  0.000000
shape_offset  0.000000  0.000000
$EndPAD
$PAD "3"
Shape Rect Layer front
position  0.635000  2.700000  size  0.600000  1.500000  orientation 0.00
drill  0.000000
shape_offset  0.000000  0.000000
$EndPAD
$PAD "5"
Shape Rect Layer front
position  1.905000 -2.700000  size  0.600000  1.500000  orientation 0.00
drill  0.000000
shape_offset  0.000000  0.000000
$EndPAD
$PAD "4"
Shape Rect Layer front
position  1.905000  2.700000  size  0.600000  1.500000  orientation 0.00
drill  0.000000
shape_offset  0.000000  0.000000
$EndPAD
$EndMODULE  U4

$MODULE "C21"
reference "C21"
value "1.0uF"
footprint "Kicad:P0603"
attribut smd
position 70.700000 109.800000  orientation 135.00
layer front
$PAD "1"
Shape Rect Layer front
position -0.750000  0.000000  size  0.600000  0.900000  orientation 0.00
drill  0.000000
shape_offset  0.000000  0.000000
$EndPAD
$PAD "2"
Shape Rect Layer front
position  0.750000  0.000000  size  0.600000  0.900000  orientation 0.00
drill  0.000000
shape_offset  0.000000  0.000000
$EndPAD
$EndMODULE  C21

$EndDESCRIPTION
